Build started 4/18/2016 6:27:11 PM.
     1>Project "\\banner.main.ad.rit.edu\students\rmh8980\IGMProfile\Desktop\GitHub\MMOGame\AsteroidsServer\AsteroidsGame\AsteroidsGame.vcxproj" on node 2 (Build target(s)).
     1>ClCompile:
         C:\Program Files (x86)\Microsoft Visual Studio 12.0\VC\bin\CL.exe /c /ZI /nologo /W3 /WX- /sdl /Od /Oy- /D _MBCS /Gm /EHsc /RTC1 /MDd /GS /fp:precise /Zc:wchar_t /Zc:forScope /Fo"Debug\\" /Fd"Debug\vc120.pdb" /Gd /TP /analyze- /errorReport:prompt Game.cpp NetworkManager.cpp Source.cpp Thread.cpp
         Thread.cpp
         Source.cpp
     1>\\banner.main.ad.rit.edu\students\rmh8980\igmprofile\desktop\github\mmogame\asteroidsserver\asteroidsgame\source.cpp(33): warning C4244: 'initializing' : conversion from 'clock_t' to 'float', possible loss of data
         NetworkManager.cpp
     1>\\banner.main.ad.rit.edu\students\rmh8980\igmprofile\desktop\github\mmogame\asteroidsserver\asteroidsgame\networkmanager.cpp(18): warning C4018: '>' : signed/unsigned mismatch
     1>\\banner.main.ad.rit.edu\students\rmh8980\igmprofile\desktop\github\mmogame\asteroidsserver\asteroidsgame\networkmanager.cpp(246): warning C4334: '<<' : result of 32-bit shift implicitly converted to 64 bits (was 64-bit shift intended?)
         Game.cpp
         Generating Code...
     1>\\banner.main.ad.rit.edu\students\rmh8980\igmprofile\desktop\github\mmogame\asteroidsserver\asteroidsgame\networkmanager.cpp(202): warning C4715: 'NetworkManager::receiveData' : not all control paths return a value
     1>\\banner.main.ad.rit.edu\students\rmh8980\igmprofile\desktop\github\mmogame\asteroidsserver\asteroidsgame\networkmanager.cpp(177): warning C4715: 'NetworkManager::sendData' : not all control paths return a value
     1>\\banner.main.ad.rit.edu\students\rmh8980\igmprofile\desktop\github\mmogame\asteroidsserver\asteroidsgame\networkmanager.cpp(98): warning C4715: 'NetworkManager::displayIP' : not all control paths return a value
       Link:
         C:\Program Files (x86)\Microsoft Visual Studio 12.0\VC\bin\link.exe /ERRORREPORT:PROMPT /OUT:"\\banner.main.ad.rit.edu\students\rmh8980\IGMProfile\Desktop\GitHub\MMOGame\AsteroidsServer\Debug\AsteroidsGame.exe" /INCREMENTAL /NOLOGO kernel32.lib user32.lib gdi32.lib winspool.lib comdlg32.lib advapi32.lib shell32.lib ole32.lib oleaut32.lib uuid.lib odbc32.lib odbccp32.lib /MANIFEST /MANIFESTUAC:"level='asInvoker' uiAccess='false'" /manifest:embed /DEBUG /PDB:"\\banner.main.ad.rit.edu\students\rmh8980\IGMProfile\Desktop\GitHub\MMOGame\AsteroidsServer\Debug\AsteroidsGame.pdb" /TLBID:1 /DYNAMICBASE /NXCOMPAT /IMPLIB:"\\banner.main.ad.rit.edu\students\rmh8980\IGMProfile\Desktop\GitHub\MMOGame\AsteroidsServer\Debug\AsteroidsGame.lib" /MACHINE:X86 /PROFILE Debug\Game.obj
         Debug\NetworkManager.obj
         Debug\Source.obj
         Debug\Thread.obj
     1>LINK : warning LNK4075: ignoring '/INCREMENTAL' due to '/PROFILE' specification
     1>Game.obj : warning LNK4075: ignoring '/EDITANDCONTINUE' due to '/OPT:LBR' specification
         AsteroidsGame.vcxproj -> \\banner.main.ad.rit.edu\students\rmh8980\IGMProfile\Desktop\GitHub\MMOGame\AsteroidsServer\Debug\AsteroidsGame.exe
     1>Done Building Project "\\banner.main.ad.rit.edu\students\rmh8980\IGMProfile\Desktop\GitHub\MMOGame\AsteroidsServer\AsteroidsGame\AsteroidsGame.vcxproj" (Build target(s)).

Build succeeded.

Time Elapsed 00:00:05.79
